
2026-03-02T15:56:00 SET SKU0143 178.10
2026-03-01T17:45:00 SET SKU0163 43.00
2026-03-02T15:39:00 SET SKU0184 122.00
2026-03-02T01:19:00 SET SKU0219 208.60
2026-03-01T21:58:00 SET SKU0202 108.00
2026-03-02T19:42:00 SET SKU0152 11.00
2026-03-01T08:41:00 SET SKU0101 248.00
2026-03-04T12:40:00 UPDATE SKU0130 77.77
2026-03-03T06:38:00 SET sku0218 43
2026-03-01T08:13:00 SET SKU0188 269.22
2026-03-03T10:16:00 SET SKU0219 50
2026-03-02T14:47:00 SET SKU0140 80.00
2026-03-02T18:55:00 SET SKU0113 159.40
2026-03-03T02:58:00 SET SKU0190 13.35
2026-03-01T23:16:00 SET SKU0204 184.00
2026-03-01T09:35:00 GET SKU1111 9.99
2026-03-02T20:25:00 SET SKU0146 252.40
2026-03-04T02:34:00 SET SKU0209 251.90
2026-03-01T13:41:00 SET SKU0104 101.00
2026-03-01T09:05:00 SET SKU9999
2026-03-01T09:40:00  heartbeat ok
2026-03-03T13:20:00 SET SKU0200 198.04
2026-03-01T15:52:00 SET SKU0155 19
2026-03-01T16:10:00 SET EXTRA003 228.00
2026-03-03T03:41:00 SET EXTRA015 77.40
2026-03-02T22:42:00 SET SKU0130 27
2026-03-01T08:52:00 SET SKU0179 82.10
2026-03-02T23:31:00 SET SKU0147 173.50
2026-03-02T16:20:00 SET SKU0170 152.00
2026-03-02T13:45:00 SET SKU0191 137.49
2026-03-01T08:12:00 SET SKU0106 208.94
2026-03-04T02:21:00 SET SKU0127 68.10
2026-03-02T22:16:00 SET SKU0212 283.01
2026-03-03T16:04:00 SET SKU0140 116.00
2026-03-02T10:08:00 SET SKU0162 248.33
2026-03-01T09:00:00 SET
2026-03-02T03:02:00 SET SKU0193 123.94
2026-03-01T09:30:00 SET SKU2222 12.3.4
2026-03-04T00:14:00 SET SKU0119 44.78
2026-03-04T14:20:00 set SKU0130 88.88
2026-03-03T10:27:00 SET SKU0122 12
2026-03-03T18:55:00 SET SKU0160 10.90
2026-03-01T18:11:00 SET SKU0137 257.85
2026-03-03T11:00:00 SET SKU0132 233.00
2026-03-02T09:19:00 SET sku0200 31
2026-03-02T01:07:00 SET SKU0186 127.00
2026-03-01T09:10:00 SET SKU9999 12.50 extra
2026-03-01T23:33:00 SET SKU0109 259.00
2026-03-01T14:39:00 SET SKU0120 37.00
2026-03-02T09:32:00 SET SKU0141 43.51
2026-03-03T00:51:00 SET SKU0188 57.01
2026-03-01T10:34:00 SET SKU0182 38
2026-03-01T17:11:00 SET EXTRA017 184.29
2026-03-02T03:42:00 SET SKU0137 231.60
2026-03-02T11:14:00 SET SKU0109 14
2026-03-03T14:08:00 SET SKU0121 228.69
2026-03-04T02:30:00 SET EXTRA009 21
2026-03-01T19:14:00 SET SKU0162 132.80
connection reset by peer
2026-03-02T03:59:00 SET SKU0155 213.00
2026-03-03T00:19:00 SET SKU0100 25
2026-03-01T13:28:00 SET SKU0216 142.00
2026-03-02T19:25:00 SET sku0173 106.34
2026-03-01T15:47:00 SET SKU0215 74.00
2026-03-01T09:11:00 SET EXTRA003 19.05
2026-03-02T13:36:00 SET SKU0157 21
2026-13-99T99:99:99 SET SKU6666 3.33
2026-03-02T14:46:00 SET SKU0119 33.65
2026-03-03T20:53:00 SET SKU0191 217.12
2026-03-02T12:39:00 SET SKU0175 169.45
2026-03-03T12:01:00 SET SKU0194 47.00
2026-03-03T17:46:00 SET SKU0144 50
2026-03-02T15:59:00 SET SKU0203 7.00
WARN dropped packet
2026-03-02T20:17:00 SET SKU0151 89.00
2026-03-02T04:09:00 SET SKU0110 113.50
2026-03-03T04:57:00 SET SKU0197 4
2026-03-03T12:12:00 SET SKU0117 262.00
2026-03-03T23:09:00 SET SKU0105 209.60
2026-03-01T21:12:00 SET SKU0131 114.39
2026-03-01T22:23:00 SET SKU0194 154.90
2026-03-03T05:34:00 SET SKU0122 134.40
2026-03-02T10:08:00 SET SKU0114 177.01
2026-03-03T20:35:00 SET SKU0220 21.10
2026-03-03T12:56:00 SET SKU0186 11.40
2026-03-03T03:58:00 SET EXTRA014 19
SET SKU8888 19.99
2026-03-03T22:19:00 SET SKU0162 154.01
2026-03-01T09:17:00 SET SKU0182 78.95
2026-03-03T17:29:00 SET SKU0173 189.36

2026-03-03T12:15:00 SET SKU0195 228.00
2026-03-02T03:17:00 SET EXTRA004 242.40
2026-03-02T11:34:00 SET SKU0133 280.09
2026-03-02T18:14:00 SET SKU0173 24.00
2026-03-02T19:06:00 SET SKU0102 216.00
2026-03-03T04:15:00 SET SKU0208 88.83
2026-03-01T12:34:00 SET EXTRA009 245.00
2026-03-03T13:42:00 SET SKU0149 80.51
2026-03-02T17:54:00 SET SKU0141 32
2026-03-01T14:35:00 SET sku0183 8.50
2026-03-02T08:53:00 SET SKU0205 161.78
2026-03-01T13:09:00 SET SKU0185 32.19
   
2026-03-02T19:57:00 SET SKU0206 86.00
2026-03-02T11:40:00 SET SKU0219 61.49
2026-13-99T99:99:99 SET SKU6666 3.33
2026-03-02T09:37:00 SET SKU0113 262.77
2026-03-03T19:39:00 SET SKU0182 116.00
2026-03-03T23:32:00 SET SKU0100 106.00
2026-03-02T06:40:00 SET SKU0138 89.90
2026-03-03T12:38:00 SET SKU0190 241.80
2026-03-02T19:27:00 SET SKU0124 14.50
2026-03-01T21:15:00 SET SKU0206 158.00
2026-03-03T14:14:00 SET SKU0191 270.80
2026-03-02T22:02:00 SET SKU0185 249.69
garbage line with random words
2026-03-03T14:16:00 SET SKU0111 10.68
2026-03-02T00:50:00 SET sku0213 143.90
2026-03-01T09:30:00 SET SKU2222 12.3.4
2026-03-01T15:44:00 SET SKU0160 41
2026-03-02T14:47:00 SET SKU0137 251.49
2026-03-01T09:25:00 SET SKU3333 0.99
2026-03-02T07:21:00 SET EXTRA013 37
2026-03-03T00:47:00 SET sku0105 277.79
2026-03-01T09:10:00 SET SKU9999 12.50 extra
2026-03-02T21:53:00 SET SKU0141 84.50
not-a-timestamp SET SKU7777 5.00
2026-03-02T05:20:00 SET SKU0180 14
2026-03-03T06:27:00 SET SKU0175 264.10
2026-03-03T00:59:00 SET SKU0194 239.00
2026-03-01T09:27:00 SET SKU0134 168.10
2026-03-03T01:50:00 SET EXTRA012 288.00
2026-03-02T14:53:00 SET SKU0103 81.44
2026-03-03T11:07:00 SET SKU0111 81.31
2026-03-04T00:29:00 SET SKU0186 20.50
2026-03-03T21:48:00 SET SKU0104 27
2026-03-01T13:20:00 SET SKU0153 188.20
2026-03-04T00:50:00 SET SKU0126 233.50
2026-03-03T07:03:00 SET SKU0126 104.40
2026-03-03T02:17:00 SET SKU0131 287.50
# price feed started
2026-03-03T03:00:00 SET SKU0137 15.60
2026-03-02T08:56:00 SET EXTRA007 295.32
2026-03-02T00:04:00 SET SKU0161 262.98
2026-03-01T21:09:00 SET SKU0135 124.64
2026-03-03T23:31:00 SET SKU0152 205.00
2026-03-01T20:12:00 SET SKU0107 80.09
2026-03-03T22:47:00 SET EXTRA002 35.67
WARN dropped packet
garbage line with random words
   
2026-03-03T19:40:00 SET SKU0194 168.20
2026-03-03T18:05:00 SET SKU0153 38.04
2026-03-03T19:31:00 SET sku0155 20
2026-03-03T02:03:00 SET SKU0209 296.00
2026-03-03T19:01:00 SET SKU0168 52.02
2026-03-03T16:51:00 SET SKU0193 9.52
2026-03-02T23:44:00 SET SKU0123 265.20
2026-03-01T19:31:00 SET EXTRA017 186.00
2026-03-02T19:50:00 SET SKU0204 217.83
2026-03-03T22:59:00 SET sku0194 47.95
2026-03-01T21:44:00 SET extra013 77.90
2026-03-01T17:02:00 SET EXTRA004 110.00
2026-03-02T21:21:00 SET sku0134 85.90
2026-03-02T04:38:00 SET SKU0156 17
2026-03-01T11:20:00 SET SKU0136 154.05
2026-03-01T17:50:00 SET SKU0209 1.88
2026-03-04T11:00:00 SET SKU0130 12.
2026-03-01T22:54:00 SET SKU0158 20.95
2026-03-01T17:24:00 SET SKU0166 269.50
2026-03-01T21:28:00 SET SKU0114 224.80
2026-03-03T20:22:00 SET SKU0123 284.60
2026-03-01T16:23:00 SET EXTRA010 113.80
2026-03-03T21:51:00 SET SKU0112 83.00
2026-03-03T06:39:00 SET SKU0174 265.00
2026-03-02T13:00:00 SET SKU0110 183.18
2026-03-01T20:29:00 SET SKU0154 49
2026-03-01T17:28:00 SET EXTRA001 156.00
2026-03-01T14:42:00 SET SKU0169 16
2026-03-03T23:38:00 SET SKU0154 196.20
2026-03-02T01:57:00 SET SKU0145 227.60
2026-03-01T22:54:00 SET SKU0207 121.00
2026-03-03T14:13:00 SET SKU0183 294.12
2026-03-02T05:33:00 SET SKU0210 16
2026-03-03T09:45:00 SET SKU0134 10
2026-03-01T17:43:00 SET EXTRA009 238.41
2026-03-03T01:58:00 SET SKU0159 165.77
2026-03-03T14:05:00 SET EXTRA016 153.85
2026-03-02T21:12:00 SET SKU0184 184.12
2026-03-01T09:25:00 SET SKU0217 37
2026-03-03T07:43:00 SET EXTRA007 281.00
2026-03-03T19:09:00 SET SKU0214 2.80
2026-03-01T18:49:00 SET SKU0126 16.00
2026-03-02T09:13:00 SET SKU0189 258.80
2026-03-03T10:28:00 SET SKU0135 18.25
2026-03-03T16:18:00 SET SKU0112 13.55
2026-03-01T17:05:00 SET SKU0161 181.72
2026-03-03T02:34:00 SET EXTRA003 234.34
2026-03-03T09:55:00 SET SKU0143 120.40
2026-03-03T19:59:00 SET sku0142 268.28
2026-03-03T22:29:00 SET SKU0143 49.43
2026-03-03T10:45:00 SET EXTRA016 150.20
2026-03-01T09:05:00 SET SKU9999
2026-03-03T06:55:00 SET SKU0163 18.00
2026-03-02T16:09:00 SET SKU0139 184.10
2026-03-02T14:37:00 SET SKU0188 99.00
2026-03-04T00:10:00 SET EXTRA018 280.50
2026-03-03T09:46:00 SET SKU0217 190.31
2026-03-03T17:24:00 SET SKU0131 45.80
2026-03-02T18:07:00 SET SKU0214 225.00
2026-03-02T01:51:00 SET SKU0167 31.96
2026-03-01T22:58:00 SET SKU0121 159.00
2026-03-01T23:38:00 SET SKU0161 2
2026-03-03T22:28:00 SET SKU0117 68.44
----------
2026-03-02T02:00:00 SET SKU0192 90.36
2026-03-01T09:09:00 SET SKU0207 183.00
2026-03-01T18:16:00 SET SKU0104 293.90
2026-03-02T12:59:00 SET SKU0129 81.51
2026-03-03T23:04:00 SET SKU0101 195.96
2026-03-02T17:01:00 SET SKU0139 264.00
2026-03-02T08:50:00 SET EXTRA002 11
connection reset by peer
2026-03-01T09:35:00 GET SKU1111 9.99
2026-03-01T15:51:00 SET SKU0199 185.00
2026-03-03T02:32:00 SET SKU0158 54.00
2026-03-02T03:16:00 SET SKU0150 66.82
2026-03-01T15:47:00 SET SKU0124 76.00
# reconnecting to upstream
2026-03-03T10:16:00 SET SKU0143 152.10
2026-03-03T15:57:00 SET SKU0162 289.00
2026-03-02T11:19:00 SET SKU0166 81.90
2026-03-01T20:44:00 SET SKU0123 238.30
2026-03-02T11:46:00 SET SKU0179 102.99
2026-03-01T09:25:00 SET SKU3333 0.99
2026-03-03T17:08:00 SET SKU0123 7
2026-03-02T13:15:00 SET SKU0191 122.00
2026-03-01T23:12:00 SET SKU0211 141.02
2026-03-01T10:11:00 SET SKU0212 19
2026-03-02T11:12:00 SET SKU0110 264.30
2026-03-02T15:31:00 SET SKU0211 25
2026-03-03T05:34:00 SET SKU0219 148.85
2026-03-04T01:08:00 SET SKU0158 259.92
2026-03-02T17:58:00 SET SKU0137 43
2026-03-03T08:47:00 SET SKU0117 263.27
2026-03-01T12:24:00 SET SKU0128 277.00

2026-03-01T17:53:00 SET SKU0180 62.10
2026-03-03T13:36:00 SET extra004 231.31
2026-03-03T21:01:00 SET SKU0197 251.20
2026-03-01T09:10:00 SET SKU0195 286.00
2026-03-02T06:47:00 SET SKU0178 155.70
2026-03-03T05:12:00 SET SKU0100 18
2026-03-03T06:55:00 SET SKU0122 205.56
2026-03-02T14:12:00 SET EXTRA009 40.00
# price feed started
2026-03-01T09:20:00 SET SKU4444 N/A
2026-03-03T19:43:00 SET SKU0124 140.63
2026-03-02T18:09:00 SET EXTRA010 140.97
2026-03-01T17:08:00 SET SKU0196 45
2026-03-02T01:29:00 SET SKU0117 178.31
2026-03-01T18:23:00 SET SKU0125 173.04
2026-03-02T13:45:00 SET SKU0131 18
2026/03/01T09:15:00 SET SKU5555 4.44
2026-03-03T11:52:00 SET SKU0147 204.53
2026-03-03T18:24:00 SET SKU0147 176.40
2026-03-02T01:47:00 SET SKU0128 85.00
2026-03-01T20:57:00 SET EXTRA012 136.66
2026-03-01T15:27:00 SET SKU0216 8.40
2026-03-02T16:41:00 SET EXTRA018 97.00
2026-03-01T18:39:00 SET SKU0156 170.90
2026-03-02T15:12:00 SET SKU0113 158.44
2026-03-03T17:12:00 SET SKU0111 182.50
2026-03-04T01:14:00 SET SKU0148 276.82
2026-03-03T00:09:00 SET SKU0146 22
2026-03-02T05:29:00 SET SKU0185 128.60
2026-03-02T11:08:00 SET SKU0204 265.00
2026-03-02T19:00:00 SET SKU0118 93.60
2026-03-01T18:23:00 SET SKU0108 230.00
2026-03-03T17:12:00 SET sku0184 104.00
2026-03-03T01:05:00 SET SKU0132 14
2026-03-02T05:29:00 SET SKU0182 189.40
2026-03-03T18:51:00 SET SKU0206 123.57
2026-03-02T00:02:00 SET SKU0108 8
2026-03-01T18:15:00 SET SKU0208 93.50
2026-03-02T02:04:00 SET SKU0204 249.10
2026-03-01T17:37:00 SET SKU0189 37.00
2026-03-02T16:52:00 SET SKU0172 209.36
2026-03-01T22:25:00 SET SKU0113 4.00
2026-03-03T15:01:00 SET SKU0147 141.90
2026-03-03T04:27:00 SET SKU0215 211.00
2026-03-02T22:08:00 SET SKU0165 207.48
2026-03-01T19:32:00 SET SKU0197 72.89
2026-03-02T09:27:00 SET SKU0124 12
2026-03-01T10:42:00 SET SKU0111 10
2026-03-01T21:17:00 SET SKU0174 27
2026-03-02T10:29:00 SET SKU0122 239.80
2026-03-02T16:10:00 SET SKU0103 230.40
2026-03-02T20:36:00 SET EXTRA004 257.00
2026-03-01T09:36:00 SET SKU0197 8.00
2026-03-03T15:16:00 SET SKU0118 250.80
2026-03-01T20:39:00 SET SKU0140 148.00
2026-03-03T06:32:00 SET SKU0155 136.60
2026-03-03T07:45:00 SET SKU0106 263.00
2026-03-03T05:51:00 SET SKU0208 96.41
2026-03-02T15:44:00 SET SKU0111 99.00
2026-03-03T10:12:00 SET EXTRA012 148.51
2026-03-03T15:18:00 SET EXTRA008 285.15
2026-03-03T05:24:00 SET SKU0215 95.34
2026-03-03T06:26:00 SET SKU0184 253.20
2026-03-03T03:44:00 SET SKU0188 188.00
2026-03-02T10:39:00 SET SKU0126 164.00
2026-03-01T13:47:00 SET SKU0159 72.71
2026-03-03T12:43:00 SET SKU0192 286.10
2026-03-02T19:09:00 SET SKU0144 237.27
2026-03-01T12:56:00 SET SKU0196 40.50
2026-03-02T03:21:00 SET SKU0184 215.00
2026-03-02T13:29:00 SET SKU0159 252.00
2026-03-01T13:54:00 SET SKU0179 27
2026-03-02T20:11:00 SET SKU0214 286.86
2026-03-01T14:22:00 SET SKU0193 38
2026-03-01T21:12:00 SET SKU0189 14
2026-03-03T01:49:00 SET SKU0178 83.60
2026-03-03T14:55:00 SET SKU0109 138.48
2026-03-02T08:58:00 SET SKU0169 43
2026-03-01T10:34:00 SET SKU0103 252.20
2026-03-01T20:56:00 SET SKU0132 109.34
2026-03-02T19:54:00 SET sku0110 281.10
2026-03-02T20:26:00 SET EXTRA018 242.10
2026-03-03T22:04:00 SET SKU0139 31
2026-03-02T17:55:00 SET SKU0198 34
2026-03-02T19:42:00 SET SKU0124 84.00
2026-03-02T03:38:00 SET SKU0100 286.12
2026-03-02T04:50:00 SET SKU0186 199.00
2026/03/01T09:15:00 SET SKU5555 4.44
2026-03-03T22:57:00 SET SKU0178 201.63
2026-03-02T03:55:00 SET SKU0115 275.02
2026-03-03T09:40:00 SET SKU0127 253.20
2026-03-03T22:18:00 SET SKU0139 45
2026-03-02T18:57:00 SET SKU0160 129.00
2026-03-02T11:15:00 SET SKU0129 263.00
2026-03-02T07:06:00 SET EXTRA010 88.67
2026-03-02T12:26:00 SET SKU0173 35
2026-03-03T11:28:00 SET SKU0219 257.04
2026-03-03T20:35:00 SET SKU0201 63.00
2026-03-02T14:53:00 SET EXTRA008 281.40
2026-03-02T07:21:00 SET SKU0143 174.80
2026-03-03T01:15:00 SET SKU0135 20
2026-03-03T20:11:00 SET SKU0139 66.88
2026-03-01T20:01:00 SET SKU0212 170.53
2026-03-02T17:15:00 SET SKU0181 4.80
2026-03-02T05:14:00 SET SKU0220 115.40
2026-03-03T08:01:00 SET SKU0168 55.86
2026-03-03T10:37:00 SET SKU0142 143.98
2026-03-03T22:17:00 SET EXTRA017 253.51
2026-03-02T23:56:00 SET EXTRA015 113.84
2026-03-02T21:45:00 SET SKU0116 49.51
2026-03-02T19:25:00 SET SKU0171 221.40
2026-03-03T20:56:00 SET EXTRA011 55.00
2026-03-02T21:35:00 SET SKU0140 135.62
2026-03-02T07:46:00 SET EXTRA002 25.90
2026-03-03T00:37:00 SET SKU0201 4
SET SKU8888 19.99
2026-03-03T04:57:00 SET SKU0201 251.29
2026-03-02T11:41:00 SET EXTRA007 297.75
2026-03-01T14:21:00 SET SKU0166 248.08
2026-03-02T21:32:00 SET SKU0176 23
2026-03-02T16:50:00 SET EXTRA002 34.00
2026-03-03T18:09:00 SET SKU0188 126.62
2026-03-03T20:30:00 SET SKU0116 239.80
2026-03-01T12:12:00 SET sku0142 271.40
2026-03-02T22:38:00 SET SKU0113 165.90
2026-03-02T15:58:00 SET SKU0190 227.00
2026-03-01T11:25:00 SET SKU0160 8.02
2026-03-01T17:07:00 SET EXTRA006 7
2026-03-02T09:18:00 SET SKU0134 156.89
2026-03-03T20:51:00 SET SKU0140 294.80
2026-03-02T13:08:00 SET sku0135 92.10
2026-03-02T14:45:00 SET SKU0117 201.00
2026-03-03T07:39:00 SET SKU0205 286.57
2026-03-03T00:41:00 SET SKU0104 65.10
2026-03-01T21:35:00 SET SKU0150 239.00
2026-03-03T03:30:00 SET SKU0163 121.00
2026-03-03T19:55:00 SET SKU0128 83.19
2026-03-02T13:25:00 SET SKU0121 11
2026-03-03T04:05:00 SET SKU0172 223.00
# reconnecting to upstream
2026-03-01T15:44:00 SET EXTRA013 153.00
2026-03-03T18:41:00 SET SKU0149 90.00
2026-03-03T12:59:00 SET SKU0215 15
2026-03-02T04:09:00 SET SKU0105 18.50
2026-03-01T13:49:00 SET SKU0165 242.00
2026-03-01T21:50:00 SET EXTRA005 175.80
2026-03-02T08:46:00 SET sku0196 57.89
2026-03-03T07:22:00 SET SKU0103 31.00
2026-03-02T04:54:00 SET EXTRA001 254.80
2026-03-02T02:45:00 SET SKU0133 46
2026-03-01T09:40:00  heartbeat ok
2026-03-03T13:29:00 SET SKU0160 293.60
2026-03-02T15:23:00 SET sku0114 180.09
2026-03-04T00:40:00 SET SKU0205 40.00
2026-03-02T15:07:00 SET SKU0146 165.60
2026-03-03T01:55:00 SET sku0208 121.00
2026-03-01T20:51:00 SET EXTRA012 74.56
2026-03-01T23:25:00 SET SKU0126 34
2026-03-02T01:18:00 SET SKU0197 123.00
2026-03-03T11:17:00 SET SKU0142 49
not-a-timestamp SET SKU7777 5.00
2026-03-01T08:52:00 SET EXTRA003 1
2026-03-03T07:23:00 SET SKU0169 82.00
2026-03-02T01:06:00 SET SKU0214 47
2026-03-02T21:59:00 SET SKU0201 129.20
2026-03-02T01:14:00 SET EXTRA015 179.90
----------
2026-03-01T18:00:00 SET SKU0104 107.30
2026-03-01T18:30:00 SET SKU0177 222.32
2026-03-02T07:59:00 SET SKU0162 168.81
2026-03-01T11:58:00 SET SKU0100 28
2026-03-01T09:20:00 SET SKU4444 N/A
2026-03-02T07:13:00 SET SKU0201 14.00
2026-03-03T07:01:00 SET EXTRA016 285.40
2026-03-02T06:49:00 SET EXTRA018 22.09
2026-03-02T01:29:00 SET SKU0187 231.75
2026-03-02T04:58:00 SET SKU0105 184.20
2026-03-02T10:05:00 SET SKU0204 18
2026-03-03T03:02:00 SET SKU0164 226.72
2026-03-02T16:17:00 SET SKU0136 105.12
2026-03-03T22:29:00 SET SKU0209 270.50
2026-03-03T07:40:00 SET SKU0209 34
2026-03-02T18:07:00 SET SKU0142 34.78
2026-03-01T15:06:00 SET SKU0134 272.00
2026-03-02T00:47:00 SET SKU0216 145.00
2026-03-02T06:00:00 SET SKU0156 44.41
2026-03-03T14:43:00 SET SKU0171 245.00
2026-03-01T20:42:00 SET SKU0103 69.66
2026-03-02T12:50:00 SET SKU0146 230.40
2026-03-03T07:34:00 SET sku0208 109.97
2026-03-01T15:31:00 SET SKU0158 13.00
2026-03-03T04:49:00 SET SKU0181 3
2026-03-01T09:00:00 SET
2026-03-02T17:17:00 SET SKU0119 51.00
2026-03-02T12:35:00 SET SKU0157 29
2026-03-03T04:29:00 SET SKU0190 171.90

# end of feed
