2024-03-10T08:01:44 reporting TRACE invalid signature on webhook
{"ts": "2024-03-10T08:00:27", "level": "WARN", "component": "db", "detail": "token refresh succeeded"}
{"ts": "2024-03-10T08:01:48", "level": "DEBUG", "component": "reporting", "detail": "slow query took 1203ms"}
{"ts": "2024-03-10T08:02:10", "level": "WARN", "component": "worker", "detail": "slow query took 1203ms"}
  --- end of stack ---  

2024-03-10T08:01:05 worker DEBUG config reloaded from disk
2024-03-10T08:01:51 billing WARN batch job started
---------- WARN BLOCK ----------
2024-03-10T08:01:46 db ERROR token refresh succeeded
2024-03-10T08:00:11 reporting INFO request completed successfully
2024-03-10T08:00:48 scheduler DEBUG heartbeat received from node 3
2024-03-10T08:01:27 billing WARN request completed successfully
2024-03-10T08:02:14 reporting INFO unexpected null in response body
2024-03-10T08:01:12 cache WARN queue depth above threshold
2024-03-10T08:01:09 billing ERROR disk usage at 91 percent
{"ts": "2024-03-10T08:00:24", "level": "TRACE", "component": "db", "detail": "session expired for user 7781"}
2024-03-10T08:02:07 cache WARN message acknowledged
2024-03-10T08:00:09 api-gateway TRACE config reloaded from disk
---
{"ts": "2024-03-10T12:00:15", "level": "ERROR", "component": "db", "detail": "cannot open \"C:\\logs\\app.log\""}
2024-03-10T08:01:58 db DEBUG slow query took 1203ms
{"ts": "2024-03-10T08:02:22", "level": "INFO", "component": "scheduler", "detail": "heartbeat received from node 3"}
===============
{"ts": "2024-03-10T12:00:16", "level": "WARN", "component": "cache", "detail": ""}
2024-03-10T08:00:38 reporting TRACE downstream service unavailable
2024-03-10T08:00:49 ingest TRACE cache miss for key user:42
2024-03-10T08:00:17 scheduler DEBUG cache miss for key user:42
2024-03-10T08:00:46 api-gateway DEBUG session expired for user 7781
2024-03-10T08:00:14 reporting INFO unexpected null in response body
2024-03-10T08:00:47 ingest DEBUG handshake failed with peer
2024-03-10T08:00:50 email-svc INFO rate limit approaching for client abc
{"ts": "2024-03-10T08:01:57", "level": "TRACE", "component": "ingest", "detail": "invalid signature on webhook"}
{"ts": "2024-03-10T08:01:04", "level": "WARN", "component": "reporting", "detail": "invalid signature on webhook"}
2024-03-10T08:00:19 email-svc INFO invalid signature on webhook
{"ts": "2024-03-10T08:02:20", "level": "TRACE", "component": "worker", "detail": "queue depth above threshold"}
2024-03-10T12:00:00 db WARN slow query detected
2024-03-10T12:00:00 worker ERROR job 42 failed
2024-03-10T08:00:00 email-svc INFO request completed successfully
2024-03-10T12:00:17 ingest WARN 2024-03-10 backup lag 5m
2024-03-10T12:00:10 billing ERROR failed to  charge   card 4242
{"ts": "2024-03-10T08:01:15", "level": "ERROR", "component": "worker", "detail": "payment gateway returned code 502"}
{"ts": "2024-03-10T08:02:16", "level": "INFO", "component": "api-gateway", "detail": "rate limit approaching for client abc"}
{"ts": "2024-03-10T08:00:30", "level": "TRACE", "component": "worker", "detail": "retry scheduled in 30s"}
2024-03-10T08:01:24 api-gateway TRACE downstream service unavailable
2024-03-10T08:00:59 api-gateway DEBUG invalid signature on webhook
2024-03-10T08:01:10 email-svc WARN queue depth above threshold
{"ts": "2024-03-10T08:01:11", "level": "ERROR", "component": "billing", "detail": "request completed successfully"}
2024-03-10T08:02:15 scheduler INFO handshake failed with peer
2024-03-10T08:00:40 reporting INFO downstream service unavailable
{"ts": "2024-03-10T08:02:13", "level": "DEBUG", "component": "billing", "detail": "request completed successfully"}
{"ts": "2024-03-10T08:02:12", "level": "DEBUG", "component": "reporting", "detail": "handshake failed with peer"}
2024-03-10T08:02:21 api-gateway INFO message acknowledged
{"ts": "2024-03-10T08:01:21", "level": "INFO", "component": "ingest", "detail": "config reloaded from disk"}
2024-03-10T12:00:14 payment warn retry scheduled
2024-03-10T08:00:25 reporting INFO rate limit approaching for client abc
{"ts": "2024-03-10T08:00:06", "level": "INFO", "component": "worker", "detail": "message acknowledged"}
{"ts": "2024-03-10T12:00:00", "level": "ERROR", "component": "api-gateway", "detail": "upstream timeout"}
{"ts": "2024-03-10T08:02:06", "level": "WARN", "component": "worker", "detail": "message acknowledged"}
{"ts": "2024-03-10T08:02:29", "level": "WARN", "component": "ingest", "detail": "queue depth above threshold"}
{"ts": "2024-03-10T08:00:34", "level": "TRACE", "component": "email-svc", "detail": "queue depth above threshold"}
{"ts": "2024-03-10T08:01:00", "level": "WARN", "component": "api-gateway", "detail": "heartbeat received from node 3"}
2024-03-10T08:01:32 cache DEBUG slow query took 1203ms
{"ts": "2024-03-10T08:02:01", "level": "WARN", "component": "worker", "detail": "batch job started"}
{"ts": "2024-03-10T08:00:21", "level": "TRACE", "component": "email-svc", "detail": "cache miss for key user:42"}
2024-03-10T12:00:05 cache ERROR disk full on /var/data
{"ts": "2024-03-10T08:01:43", "level": "TRACE", "component": "reporting", "detail": "config reloaded from disk"}
2024-03-10T08:02:05 db INFO session expired for user 7781
2024-03-10T08:00:13 billing WARN rate limit approaching for client abc
2024-03-10T08:00:51 api-gateway INFO retry scheduled in 30s
2024-03-10T08:01:26 cache WARN config reloaded from disk
2024-03-10T08:00:56 email-svc ERROR connection pool exhausted
{"ts": "2024-03-10T08:01:59", "level": "WARN", "component": "ingest", "detail": "disk usage at 91 percent"}
{"ts": "2024-03-10T08:01:25", "level": "ERROR", "component": "worker", "detail": "request completed successfully"}
{"ts": "2024-03-10T08:01:07", "level": "INFO", "component": "auth", "detail": "unexpected null in response body"}
2024-03-10T08:00:42 db INFO cache miss for key user:42
{"ts": "2024-03-10T08:01:38", "level": "TRACE", "component": "db", "detail": "payment gateway returned code 502"}
    at com.example.Service.handle(Service.java:88)
2024-03-10T12:00:18 auth ERROR token "abc123" rejected by "guard"
2024-03-10T08:00:12 email-svc ERROR slow query took 1203ms
2024-03-10T08:01:54 worker DEBUG request completed successfully
2024-03-10T08:02:18 scheduler ERROR rate limit approaching for client abc
{"ts": "2024-03-10T08:00:55", "level": "TRACE", "component": "ingest", "detail": "rate limit approaching for client abc"}
2024-03-10T08:01:39 reporting ERROR session expired for user 7781
2024-03-10T08:00:54 ingest DEBUG heartbeat received from node 3
{"ts": "2024-03-10T08:02:02", "level": "TRACE", "component": "scheduler", "detail": "downstream service unavailable"}
2024-03-10T08:01:03 cache TRACE token refresh succeeded
{"ts": "2024-03-10T08:01:17", "level": "INFO", "component": "cache", "detail": "message acknowledged"}
{"ts": "2024-03-10T08:01:29", "level": "TRACE", "component": "db", "detail": "unexpected null in response body"}
{ broken json here
{"ts": "2024-03-10T08:01:35", "level": "INFO", "component": "ingest", "detail": "heartbeat received from node 3"}
{"ts": "2024-03-10T08:01:31", "level": "TRACE", "component": "ingest", "detail": "config reloaded from disk"}
{"ts": "2024-03-10T12:00:12", "level": "INFO", "component": "reporting", "detail": "ERROR summary generated"}
{"ts": "2024-03-10T08:01:52", "level": "INFO", "component": "worker", "detail": "shard rebalance complete"}
2024-03-10T08:00:26 api-gateway WARN heartbeat received from node 3
{"ts": "2024-03-10T08:01:16", "level": "ERROR", "component": "reporting", "detail": "slow query took 1203ms"}
2024-03-10T08:01:20 ingest WARN retry scheduled in 30s
{"ts": "2024-03-10T08:00:41", "level": "WARN", "component": "auth", "detail": "retry scheduled in 30s"}
{"ts": "2024-03-10T08:01:23", "level": "INFO", "component": "auth", "detail": "batch job started"}
{"ts": "2024-03-10T08:02:23", "level": "INFO", "component": "db", "detail": "downstream service unavailable"}
DEBUG dump: level=WARN component=none
2024-03-10T08:00:01 ingest INFO retry scheduled in 30s
{"ts": "2024-03-10T08:02:03", "level": "TRACE", "component": "scheduler", "detail": "token refresh succeeded"}
{"ts": "2024-03-10T08:00:39", "level": "WARN", "component": "auth", "detail": "payment gateway returned code 502"}
{"ts": "2024-03-10T08:02:19", "level": "INFO", "component": "cache", "detail": "retry scheduled in 30s"}
{"ts": "2024-03-10T08:01:22", "level": "ERROR", "component": "reporting", "detail": "slow query took 1203ms"}
{"ts": "2024-03-10T08:02:28", "level": "TRACE", "component": "email-svc", "detail": "downstream service unavailable"}
{"ts": "2024-03-10T08:00:20", "level": "TRACE", "component": "cache", "detail": "downstream service unavailable"}
{"ts": "2024-03-10T08:00:33", "level": "TRACE", "component": "billing", "detail": "heartbeat received from node 3"}
2024-03-10T08:00:22 email-svc WARN payment gateway returned code 502
2024-03-10T08:02:17 cache WARN unexpected null in response body
{"ts": "2024-03-10T08:00:57", "level": "INFO", "component": "email-svc", "detail": "unexpected null in response body"}
ERROR: cascade in ERROR: handler
2024-03-10T12:00:05 cache ERROR disk full on /var/data
2024-03-10T08:00:37 auth DEBUG message acknowledged
2024-03-10T08:02:09 billing ERROR retry scheduled in 30s
{"ts": "2024-03-10T08:01:13", "level": "ERROR", "component": "email-svc", "detail": "unexpected null in response body"}
2024-03-10T12:00:13 payment error charge declined
{"ts": "2024-03-10T08:01:19", "level": "DEBUG", "component": "billing", "detail": "session expired for user 7781"}
{"ts": "2024-03-10T08:01:49", "level": "WARN", "component": "worker", "detail": "rate limit approaching for client abc"}
{"ts": "2024-03-10T08:00:29", "level": "INFO", "component": "worker", "detail": "disk usage at 91 percent"}
2024-03-10T08:00:23 reporting TRACE disk usage at 91 percent
{"ts": "2024-03-10T08:01:53", "level": "DEBUG", "component": "db", "detail": "token refresh succeeded"}
2024-03-10T08:00:36 scheduler INFO invalid signature on webhook
2024-03-10T08:01:36 ingest DEBUG message acknowledged
{"ts": "2024-03-10T08:01:30", "level": "ERROR", "component": "api-gateway", "detail": "cache miss for key user:42"}
2024-03-10T08:00:03 auth DEBUG shard rebalance complete
{"ts": "2024-03-10T08:01:01", "level": "INFO", "component": "api-gateway", "detail": "message acknowledged"}
2024-03-10T08:00:52 api-gateway TRACE rate limit approaching for client abc
2024-03-10T12:00:11 auth WARN ERROR and INFO tokens both present
2024-03-10T08:01:56 api-gateway TRACE downstream service unavailable
2024-03-10T08:00:02 cache DEBUG request completed successfully
{"ts": "2024-03-10T08:01:06", "level": "TRACE", "component": "auth", "detail": "cache miss for key user:42"}
2024-03-10T08:01:33 cache INFO disk usage at 91 percent
{"ts": "2024-03-10T08:00:35", "level": "INFO", "component": "cache", "detail": "handshake failed with peer"}
{"ts": "2024-03-10T08:01:42", "level": "WARN", "component": "ingest", "detail": "rate limit approaching for client abc"}
{"ts": "2024-03-10T08:00:15", "level": "ERROR", "component": "cache", "detail": "connection pool exhausted"}
{"ts": "2024-03-10T08:01:28", "level": "WARN", "component": "worker", "detail": "shard rebalance complete"}
{"ts": "2024-03-10T08:00:07", "level": "WARN", "component": "billing", "detail": "retry scheduled in 30s"}
2024-03-10T08:02:08 email-svc INFO message acknowledged
{"ts": "2024-03-10T08:01:08", "level": "DEBUG", "component": "reporting", "detail": "session expired for user 7781"}
{"ts": "2024-03-10T08:00:32", "level": "INFO", "component": "api-gateway", "detail": "session expired for user 7781"}
2024-03-10T08:00:08 auth DEBUG message acknowledged
{"ts": "2024-03-10T08:01:37", "level": "DEBUG", "component": "api-gateway", "detail": "token refresh succeeded"}
{"ts": "2024-03-10T08:02:11", "level": "DEBUG", "component": "email-svc", "detail": "queue depth above threshold"}
2024-03-10T08:00:16 db ERROR disk usage at 91 percent
Caused by: java.lang.RuntimeException: ERROR in handler
{"ts": "2024-03-10T08:00:58", "level": "DEBUG", "component": "ingest", "detail": "config reloaded from disk"}
{"ts": "2024-03-10T08:00:43", "level": "INFO", "component": "cache", "detail": "slow query took 1203ms"}
2024-03-10T08:01:34 cache WARN token refresh succeeded
{"ts": "2024-03-10T08:00:18", "level": "DEBUG", "component": "db", "detail": "unexpected null in response body"}
2024-03-10T08:00:44 api-gateway WARN disk usage at 91 percent
2024-03-10T08:00:45 ingest INFO message acknowledged
{"ts": "2024-03-10T08:01:45", "level": "TRACE", "component": "email-svc", "detail": "connection pool exhausted"}
2024-03-10T08:00:28 cache TRACE retry scheduled in 30s
2024-03-10T08:01:40 email-svc DEBUG payment gateway returned code 502
{"ts": "2024-03-10T08:01:50", "level": "DEBUG", "component": "email-svc", "detail": "batch job started"}
{"ts": "2024-03-10T08:00:10", "level": "TRACE", "component": "worker", "detail": "handshake failed with peer"}

{"ts": "2024-03-10T08:00:53", "level": "INFO", "component": "email-svc", "detail": "disk usage at 91 percent"}
{"ts": "2024-03-10T08:01:47", "level": "DEBUG", "component": "billing", "detail": "slow query took 1203ms"}
	at java.base/java.lang.Thread.run(Thread.java:829)
# comment about ERROR handling in payment
2024-03-10T08:01:41 ingest TRACE handshake failed with peer
2024-03-10T08:01:02 worker DEBUG handshake failed with peer
note: WARN threshold exceeded soon
{"ts": "2024-03-10T08:02:26", "level": "INFO", "component": "auth", "detail": "config reloaded from disk"}
2024-03-10T08:01:55 cache WARN connection pool exhausted
2024-03-10T08:00:31 cache DEBUG batch job started
{"ts": "2024-03-10T08:02:25", "level": "INFO", "component": "cache", "detail": "queue depth above threshold"}
2024-03-10T08:01:14 ingest WARN retry scheduled in 30s
2024-03-10T08:00:05 billing INFO handshake failed with peer
2024-03-10T08:00:04 email-svc INFO retry scheduled in 30s
{"ts": "2024-03-10T12:00:00", "level": "WARN", "component": "auth", "detail": "token near expiry"}
2024-03-10T08:02:00 cache WARN queue depth above threshold
2024-03-10T08:01:18 ingest WARN batch job started
{"ts": "2024-03-10T08:02:04", "level": "DEBUG", "component": "email-svc", "detail": "queue depth above threshold"}
{"ts": "2024-03-10T08:02:24", "level": "TRACE", "component": "ingest", "detail": "request completed successfully"}
2024-03-10T08:02:27 worker ERROR request completed successfully
...
